<?xml version="1.0" encoding="UTF-8"?>
<testsuite name="snaketest.PositionTest" tests="2" skipped="0" failures="0" errors="0" timestamp="2022-01-18T22:58:21" hostname="Raquels-MacBook-Air.local" time="0.004">
  <properties/>
  <testcase name="xGet()" classname="snaketest.PositionTest" time="0.001"/>
  <testcase name="yGet()" classname="snaketest.PositionTest" time="0.002"/>
  <system-out><![CDATA[]]></system-out>
  <system-err><![CDATA[]]></system-err>
</testsuite>
